<?xml version="1.0" encoding="UTF-8"?>
<!-- Generated by org.testng.reporters.JUnitReportReporter -->
<testsuite hostname="Navaishu" failures="0" tests="3" name="maven_crmTests.HomePageTest" time="88.814" errors="0" timestamp="2023-04-06T16:43:54 IST" skipped="0">
  <testcase classname="maven_crmTests.HomePageTest" name="validateUserNameTest" time="23.471"/>
  <system-out/>
  <testcase classname="maven_crmTests.HomePageTest" name="validateCreatCompany_LinkRedirection" time="42.183"/>
  <system-out/>
  <testcase classname="maven_crmTests.HomePageTest" name="validateLogoutTest" time="23.160"/>
  <system-out/>
</testsuite> <!-- maven_crmTests.HomePageTest -->
