<?xml version="1.0" encoding="UTF-8"?>
<!-- Generated by org.testng.reporters.JUnitReportReporter -->
<testsuite hostname="Navaishu" failures="0" tests="3" name="crmTests.LoginPageTest" time="37.289" errors="0" timestamp="2023-03-29T15:51:11 IST" skipped="0">
  <testcase classname="crmTests.LoginPageTest" name="validatloginTest" time="11.442"/>
  <system-out/>
  <testcase classname="crmTests.LoginPageTest" name="validateLogoTest" time="11.498"/>
  <system-out/>
  <testcase classname="crmTests.LoginPageTest" name="validateforgotPassword" time="14.349"/>
  <system-out/>
</testsuite> <!-- crmTests.LoginPageTest -->
