<?xml version="1.0" encoding="UTF-8"?>
<!-- Generated by org.testng.reporters.JUnitReportReporter -->
<testsuite hostname="Navaishu" failures="0" tests="3" name="maven_crmTests.LoginPageTest" time="51.877" errors="0" timestamp="2023-04-06T15:52:28 IST" skipped="0">
  <testcase classname="maven_crmTests.LoginPageTest" name="validateforgotPassword" time="12.708"/>
  <system-out/>
  <testcase classname="maven_crmTests.LoginPageTest" name="validateHomePageTest" time="28.689"/>
  <system-out/>
  <testcase classname="maven_crmTests.LoginPageTest" name="validateLogoTest" time="10.480"/>
  <system-out/>
</testsuite> <!-- maven_crmTests.LoginPageTest -->
