<?xml version="1.0" encoding="UTF-8"?>
<!-- Generated by org.testng.reporters.JUnitReportReporter -->
<testsuite hostname="Navaishu" failures="0" tests="1" name="maven_crmTests.NewContactPageTest" time="27.971" errors="0" timestamp="2023-04-10T14:22:33 IST" skipped="0">
  <testcase classname="maven_crmTests.NewContactPageTest" name="validateClickContactLink" time="27.971"/>
  <system-out/>
</testsuite> <!-- maven_crmTests.NewContactPageTest -->
